<?xml version="1.0" encoding="UTF-8"?>
<testsuite xmlns:xsi="http://www.w3.org/2001/XMLSchema-instance" xsi:noNamespaceSchemaLocation="https://maven.apache.org/surefire/maven-surefire-plugin/xsd/surefire-test-report-3.0.xsd" version="3.0" name="TestSuite" time="30.034" tests="9" errors="0" skipped="0" failures="0">
  <properties>
[...]
</properties>
  <testcase name="searchResultsClickingSearchButtonOnDropDownMenu" classname="com.google.tests.N_0002_SearchResultsClickingSearchButtonOnDropDownMenuTest" time="2.002">
    <system-out><![CDATA[Navigated to:'https://www.google.com/'
Found Element By : By.name: q
Found Element By : By.name: q
Navigated to:'https://www.google.com/'
Found Element By : By.name: q
Found Element By : By.name: q
Changed element: [[ChromeDriver: chrome on windows (fb0dd33467942759773b19c49458269b)] -> name: q]
Found Element By : By.id: Alh6id
Changed element: [[EdgeDriver: MicrosoftEdge on windows (9a88a9b2de9b3c59cb2147e4d0e162e8)] -> name: q]
Found Element By : By.id: Alh6id
Found Element By : By.id: Alh6id
Found Element By : By.cssSelector: center:nth-child(2) > input:nth-child(1)
Found Element By : By.cssSelector: center:nth-child(2) > input:nth-child(1)
Found Element By : By.id: Alh6id
Found Element By : By.cssSelector: center:nth-child(2) > input:nth-child(1)
Found Element By : By.cssSelector: center:nth-child(2) > input:nth-child(1)
Clicked on: [[EdgeDriver: MicrosoftEdge on windows (9a88a9b2de9b3c59cb2147e4d0e162e8)] -> css selector: center:nth-child(2) > input:nth-child(1)]
Navigated to:'https://www.google.com/'
Found Element By : By.name: q
Found Element By : By.name: q
Changed element: [[FirefoxDriver: firefox on windows (938448b2-b91c-4dcf-8264-64ece2ddceaf)] -> name: q]
Found Element By : By.id: Alh6id
Found Element By : By.id: Alh6id
Found Element By : By.cssSelector: center:nth-child(2) > input:nth-child(1)
Found Element By : By.cssSelector: center:nth-child(2) > input:nth-child(1)
Clicked on: [[ChromeDriver: chrome on windows (fb0dd33467942759773b19c49458269b)] -> css selector: center:nth-child(2) > input:nth-child(1)]
Found Element By : By.cssSelector: div.MjjYud
Found Element By : By.name: q
Found Element By : By.name: q
]]></system-out>
    <system-err><![CDATA[SLF4J(W): No SLF4J providers were found.
SLF4J(W): Defaulting to no-operation (NOP) logger implementation
SLF4J(W): See https://www.slf4j.org/codes.html#noProviders for further details.
Jan 13, 2024 10:32:07 PM org.openqa.selenium.devtools.CdpVersionFinder findNearestMatch
WARNING: Unable to find an exact match for CDP version 120, so returning the closest version found: 117
Jan 13, 2024 10:32:07 PM org.openqa.selenium.devtools.CdpVersionFinder findNearestMatch
WARNING: Unable to find an exact match for CDP version 120, so returning the closest version found: 117
]]></system-err>
  </testcase>
  <testcase name="searchResultsClickingSearchButtonOnDropDownMenu" classname="com.google.tests.N_0002_SearchResultsClickingSearchButtonOnDropDownMenuTest" time="2.587">
    <system-out><![CDATA[Found Element By : By.cssSelector: div.MjjYud
Found Element By : By.name: q
Found Element By : By.name: q
]]></system-out>
  </testcase>
  <testcase name="searchResultsClickingSearchButtonOnDropDownMenu" classname="com.google.tests.N_0002_SearchResultsClickingSearchButtonOnDropDownMenuTest" time="4.409">
    <system-out><![CDATA[Clicked on: [[FirefoxDriver: firefox on windows (938448b2-b91c-4dcf-8264-64ece2ddceaf)] -> css selector: center:nth-child(2) > input:nth-child(1)]
Found Element By : By.cssSelector: div.MjjYud
Found Element By : By.name: q
Found Element By : By.name: q
]]></system-out>
    <system-err><![CDATA[Jan 13, 2024 10:32:16 PM org.openqa.selenium.devtools.CdpVersionFinder findNearestMatch
WARNING: Unable to find an exact match for CDP version 120, so returning the closest version found: 117
]]></system-err>
  </testcase>
  <testcase name="searchResultsClickingEnterButton" classname="com.google.tests.N_0003_SearchResultsClickingEnterButtonTest" time="4.861">
    <system-out><![CDATA[Navigated to:'https://www.google.com/'
Found Element By : By.name: q
Found Element By : By.name: q
Changed element: [[ChromeDriver: chrome on windows (af6d8b3c75b8ed41cccea639ea179996)] -> name: q]
Found Element By : By.id: Alh6id
Navigated to:'https://www.google.com/'
Found Element By : By.name: q
Found Element By : By.name: q
Found Element By : By.id: Alh6id
Found Element By : By.name: q
Changed element: [[EdgeDriver: MicrosoftEdge on windows (8a09511827a368c52988c1e1cc2d31f9)] -> name: q]
Found Element By : By.id: Alh6id
Found Element By : By.name: q
Changed element: [[ChromeDriver: chrome on windows (af6d8b3c75b8ed41cccea639ea179996)] -> name: q]
Found Element By : By.id: Alh6id
Found Element By : By.name: q
Found Element By : By.name: q
Changed element: [[EdgeDriver: MicrosoftEdge on windows (8a09511827a368c52988c1e1cc2d31f9)] -> name: q]
Found Element By : By.cssSelector: div.MjjYud
Found Element By : By.name: q
Found Element By : By.name: q
]]></system-out>
    <system-err><![CDATA[Jan 13, 2024 10:32:16 PM org.openqa.selenium.devtools.CdpVersionFinder findNearestMatch
WARNING: Unable to find an exact match for CDP version 120, so returning the closest version found: 117
]]></system-err>
  </testcase>
  <testcase name="searchResultsClickingEnterButton" classname="com.google.tests.N_0003_SearchResultsClickingEnterButtonTest" time="0.839">
    <system-out><![CDATA[Found Element By : By.cssSelector: div.MjjYud
Found Element By : By.name: q
Found Element By : By.name: q
]]></system-out>
  </testcase>
  <testcase name="searchResultsClickingEnterButton" classname="com.google.tests.N_0003_SearchResultsClickingEnterButtonTest" time="0.325">
    <system-out><![CDATA[Found Element By : By.cssSelector: div.MjjYud
Found Element By : By.name: q
Found Element By : By.name: q
]]></system-out>
  </testcase>
  <testcase name="clickSearchButtonWhenSearchFieldIsEmpty" classname="com.google.tests.N_0004_ClickSearchButtonWhenSearchFieldIsEmptyTest" time="0.99">
    <system-out><![CDATA[Navigated to:'https://www.google.com/'
Found Element By : By.name: q
Found Element By : By.name: q
Changed element: [[FirefoxDriver: firefox on windows (336ca758-3cb5-4622-91ee-71d03a50229e)] -> name: q]
Found Element By : By.id: Alh6id
Found Element By : By.id: Alh6id
Found Element By : By.name: q
Found Element By : By.name: q
Changed element: [[FirefoxDriver: firefox on windows (336ca758-3cb5-4622-91ee-71d03a50229e)] -> name: q]
Navigated to:'https://www.google.com/'
Found Element By : By.cssSelector: center:nth-child(1) > input:nth-child(1)
Found Element By : By.cssSelector: center:nth-child(1) > input:nth-child(1)
Clicked on: [[ChromeDriver: chrome on windows (8464c0c618f450bf58d2521f1c696c75)] -> css selector: center:nth-child(1) > input:nth-child(1)]
Found Element By : By.linkText: Gmail
]]></system-out>
    <system-err><![CDATA[Jan 13, 2024 10:32:23 PM org.openqa.selenium.devtools.CdpVersionFinder findNearestMatch
WARNING: Unable to find an exact match for CDP version 120, so returning the closest version found: 117
Jan 13, 2024 10:32:24 PM org.openqa.selenium.devtools.CdpVersionFinder findNearestMatch
WARNING: Unable to find an exact match for CDP version 120, so returning the closest version found: 117
]]></system-err>
  </testcase>
  <testcase name="clickSearchButtonWhenSearchFieldIsEmpty" classname="com.google.tests.N_0004_ClickSearchButtonWhenSearchFieldIsEmptyTest" time="0.908">
    <system-out><![CDATA[Navigated to:'https://www.google.com/'
Found Element By : By.cssSelector: center:nth-child(1) > input:nth-child(1)
Found Element By : By.cssSelector: center:nth-child(1) > input:nth-child(1)
Clicked on: [[EdgeDriver: MicrosoftEdge on windows (ee5c40e0f5aef52c46102b928f2ba142)] -> css selector: center:nth-child(1) > input:nth-child(1)]
Found Element By : By.linkText: Gmail
]]></system-out>
  </testcase>
  <testcase name="clickSearchButtonWhenSearchFieldIsEmpty" classname="com.google.tests.N_0004_ClickSearchButtonWhenSearchFieldIsEmptyTest" time="1.223">
    <system-out><![CDATA[Navigated to:'https://www.google.com/'
Found Element By : By.cssSelector: center:nth-child(1) > input:nth-child(1)
Found Element By : By.cssSelector: center:nth-child(1) > input:nth-child(1)
Clicked on: [[FirefoxDriver: firefox on windows (3029104e-d366-467c-a4b5-52a19de5f5d9)] -> css selector: center:nth-child(1) > input:nth-child(1)]
Found Element By : By.linkText: Gmail
]]></system-out>
  </testcase>
</testsuite>