<?xml version="1.0" encoding="UTF-8"?>
<testsuite xmlns:xsi="http://www.w3.org/2001/XMLSchema-instance" xsi:noNamespaceSchemaLocation="https://maven.apache.org/surefire/maven-surefire-plugin/xsd/surefire-test-report-3.0.xsd" version="3.0" name="TestSuite" time="26.377" tests="9" errors="0" skipped="0" failures="0">
  <properties>
[...]
</properties>
  <testcase name="searchResultsClickingSearchButtonOnDropDownMenu" classname="com.google.tests.N_0002_SearchResultsClickingSearchButtonOnDropDownMenuTest" time="0.853">
    <system-out><![CDATA[Navigated to:'https://www.google.com/'
Found Element By : By.name: q
Found Element By : By.name: q
Navigated to:'https://www.google.com/'
Found Element By : By.name: q
Changed element: [[ChromeDriver: chrome on windows (2bbc5a0b4e4775db685ca3f9c4f7aae6)] -> name: q]
Found Element By : By.id: Alh6id
Found Element By : By.name: q
Changed element: [[EdgeDriver: MicrosoftEdge on windows (0d5ddb2523d122925461fd3ed22ba458)] -> name: q]
Found Element By : By.id: Alh6id
Found Element By : By.id: Alh6id
Found Element By : By.cssSelector: center:nth-child(2) > input:nth-child(1)
Found Element By : By.cssSelector: center:nth-child(2) > input:nth-child(1)
Found Element By : By.id: Alh6id
Found Element By : By.cssSelector: center:nth-child(2) > input:nth-child(1)
Found Element By : By.cssSelector: center:nth-child(2) > input:nth-child(1)
Clicked on: [[ChromeDriver: chrome on windows (2bbc5a0b4e4775db685ca3f9c4f7aae6)] -> css selector: center:nth-child(2) > input:nth-child(1)]
Found Element By : By.cssSelector: div.MjjYud
Found Element By : By.name: q
Found Element By : By.name: q
Clicked on: [[EdgeDriver: MicrosoftEdge on windows (0d5ddb2523d122925461fd3ed22ba458)] -> css selector: center:nth-child(2) > input:nth-child(1)]
]]></system-out>
    <system-err><![CDATA[SLF4J(W): No SLF4J providers were found.
SLF4J(W): Defaulting to no-operation (NOP) logger implementation
SLF4J(W): See https://www.slf4j.org/codes.html#noProviders for further details.
Jan 09, 2024 7:47:13 PM org.openqa.selenium.devtools.CdpVersionFinder findNearestMatch
WARNING: Unable to find an exact match for CDP version 120, so returning the closest version found: 117
Jan 09, 2024 7:47:14 PM org.openqa.selenium.devtools.CdpVersionFinder findNearestMatch
WARNING: Unable to find an exact match for CDP version 120, so returning the closest version found: 117
]]></system-err>
  </testcase>
  <testcase name="searchResultsClickingSearchButtonOnDropDownMenu" classname="com.google.tests.N_0002_SearchResultsClickingSearchButtonOnDropDownMenuTest" time="0.96">
    <system-out><![CDATA[Found Element By : By.cssSelector: div.MjjYud
Found Element By : By.name: q
Navigated to:'https://www.google.com/'
Found Element By : By.name: q
Found Element By : By.name: q
]]></system-out>
  </testcase>
  <testcase name="searchResultsClickingSearchButtonOnDropDownMenu" classname="com.google.tests.N_0002_SearchResultsClickingSearchButtonOnDropDownMenuTest" time="0.531">
    <system-out><![CDATA[Found Element By : By.name: q
Changed element: [[FirefoxDriver: firefox on windows (9c583485-e5de-4e42-894a-fa8b77022c62)] -> name: q]
Found Element By : By.id: Alh6id
Found Element By : By.id: Alh6id
Found Element By : By.cssSelector: center:nth-child(2) > input:nth-child(1)
Found Element By : By.cssSelector: center:nth-child(2) > input:nth-child(1)
Navigated to:'https://www.google.com/'
Found Element By : By.name: q
Found Element By : By.name: q
Changed element: [[ChromeDriver: chrome on windows (f0f78adf07a66005c1391ddf6fb78783)] -> name: q]
Found Element By : By.id: Alh6id
Clicked on: [[FirefoxDriver: firefox on windows (9c583485-e5de-4e42-894a-fa8b77022c62)] -> css selector: center:nth-child(2) > input:nth-child(1)]
Found Element By : By.cssSelector: div.MjjYud
Found Element By : By.name: q
Found Element By : By.name: q
]]></system-out>
    <system-err><![CDATA[Jan 09, 2024 7:47:17 PM org.openqa.selenium.remote.http.WebSocket$Listener onError
WARNING: Connection reset
java.net.SocketException: Connection reset
	at java.base/sun.nio.ch.SocketChannelImpl.throwConnectionReset(SocketChannelImpl.java:401)
	at java.base/sun.nio.ch.SocketChannelImpl.read(SocketChannelImpl.java:434)
	at io.netty.buffer.PooledByteBuf.setBytes(PooledByteBuf.java:254)
	at io.netty.buffer.AbstractByteBuf.writeBytes(AbstractByteBuf.java:1132)
	at io.netty.channel.socket.nio.NioSocketChannel.doReadBytes(NioSocketChannel.java:357)
	at io.netty.channel.nio.AbstractNioByteChannel$NioByteUnsafe.read(AbstractNioByteChannel.java:151)
	at io.netty.channel.nio.NioEventLoop.processSelectedKey(NioEventLoop.java:788)
	at io.netty.channel.nio.NioEventLoop.processSelectedKeysOptimized(NioEventLoop.java:724)
	at io.netty.channel.nio.NioEventLoop.processSelectedKeys(NioEventLoop.java:650)
	at io.netty.channel.nio.NioEventLoop.run(NioEventLoop.java:562)
	at io.netty.util.concurrent.SingleThreadEventExecutor$4.run(SingleThreadEventExecutor.java:997)
	at io.netty.util.internal.ThreadExecutorMap$2.run(ThreadExecutorMap.java:74)
	at io.netty.util.concurrent.FastThreadLocalRunnable.run(FastThreadLocalRunnable.java:30)
	at java.base/java.lang.Thread.run(Thread.java:1583)

Jan 09, 2024 7:47:18 PM org.openqa.selenium.devtools.CdpVersionFinder findNearestMatch
WARNING: Unable to find an exact match for CDP version 120, so returning the closest version found: 117
Jan 09, 2024 7:47:19 PM org.openqa.selenium.devtools.CdpVersionFinder findNearestMatch
WARNING: Unable to find an exact match for CDP version 120, so returning the closest version found: 117
]]></system-err>
  </testcase>
  <testcase name="searchResultsClickingEnterButton" classname="com.google.tests.N_0003_SearchResultsClickingEnterButtonTest" time="3.334">
    <system-out><![CDATA[Found Element By : By.id: Alh6id
Found Element By : By.name: q
Found Element By : By.name: q
Navigated to:'https://www.google.com/'
Found Element By : By.name: q
Found Element By : By.name: q
Changed element: [[EdgeDriver: MicrosoftEdge on windows (ecbc00d32cdf8da544bbc69ecf8012ef)] -> name: q]
Found Element By : By.id: Alh6id
Found Element By : By.name: q
Found Element By : By.name: q
Changed element: [[EdgeDriver: MicrosoftEdge on windows (ecbc00d32cdf8da544bbc69ecf8012ef)] -> name: q]
Changed element: [[ChromeDriver: chrome on windows (f0f78adf07a66005c1391ddf6fb78783)] -> name: q]
Found Element By : By.cssSelector: div.MjjYud
Found Element By : By.name: q
Found Element By : By.name: q
]]></system-out>
  </testcase>
  <testcase name="searchResultsClickingEnterButton" classname="com.google.tests.N_0003_SearchResultsClickingEnterButtonTest" time="3.701">
    <system-out><![CDATA[Found Element By : By.cssSelector: div.MjjYud
Found Element By : By.name: q
Found Element By : By.name: q
]]></system-out>
  </testcase>
  <testcase name="searchResultsClickingEnterButton" classname="com.google.tests.N_0003_SearchResultsClickingEnterButtonTest" time="2.923">
    <system-out><![CDATA[Found Element By : By.name: q
Changed element: [[FirefoxDriver: firefox on windows (c1eec1dd-12b7-423f-bbfa-8fe8323624e1)] -> name: q]
Found Element By : By.id: Alh6id
Found Element By : By.id: Alh6id
Found Element By : By.name: q
Found Element By : By.name: q
Changed element: [[FirefoxDriver: firefox on windows (c1eec1dd-12b7-423f-bbfa-8fe8323624e1)] -> name: q]
Found Element By : By.cssSelector: div.MjjYud
Found Element By : By.name: q
Found Element By : By.name: q
]]></system-out>
  </testcase>
  <testcase name="clickSearchButtonWhenSearchFieldIsEmpty" classname="com.google.tests.N_0004_ClickSearchButtonWhenSearchFieldIsEmptyTest" time="0.292">
    <system-out><![CDATA[Navigated to:'https://www.google.com/'
Found Element By : By.cssSelector: center:nth-child(1) > input:nth-child(1)
Found Element By : By.cssSelector: center:nth-child(1) > input:nth-child(1)
Clicked on: [[EdgeDriver: MicrosoftEdge on windows (cf048165bd6d86e6195f08490a0a25c6)] -> css selector: center:nth-child(1) > input:nth-child(1)]
Found Element By : By.linkText: Gmail
]]></system-out>
    <system-err><![CDATA[Jan 09, 2024 7:47:24 PM org.openqa.selenium.devtools.CdpVersionFinder findNearestMatch
WARNING: Unable to find an exact match for CDP version 120, so returning the closest version found: 117
Jan 09, 2024 7:47:24 PM org.openqa.selenium.devtools.CdpVersionFinder findNearestMatch
WARNING: Unable to find an exact match for CDP version 120, so returning the closest version found: 117
]]></system-err>
  </testcase>
  <testcase name="clickSearchButtonWhenSearchFieldIsEmpty" classname="com.google.tests.N_0004_ClickSearchButtonWhenSearchFieldIsEmptyTest" time="1.006">
    <system-out><![CDATA[Navigated to:'https://www.google.com/'
Found Element By : By.cssSelector: center:nth-child(1) > input:nth-child(1)
Found Element By : By.cssSelector: center:nth-child(1) > input:nth-child(1)
Navigated to:'https://www.google.com/'
Found Element By : By.name: q
Clicked on: [[ChromeDriver: chrome on windows (25d18abfcf59a86dcb26a1a649fd5829)] -> css selector: center:nth-child(1) > input:nth-child(1)]
Found Element By : By.linkText: Gmail
]]></system-out>
  </testcase>
  <testcase name="clickSearchButtonWhenSearchFieldIsEmpty" classname="com.google.tests.N_0004_ClickSearchButtonWhenSearchFieldIsEmptyTest" time="1.25">
    <system-out><![CDATA[Navigated to:'https://www.google.com/'
Found Element By : By.cssSelector: center:nth-child(1) > input:nth-child(1)
Found Element By : By.cssSelector: center:nth-child(1) > input:nth-child(1)
Clicked on: [[FirefoxDriver: firefox on windows (8fc5b1d8-d539-4226-a19c-f4cfb0913fd3)] -> css selector: center:nth-child(1) > input:nth-child(1)]
Found Element By : By.linkText: Gmail
]]></system-out>
  </testcase>
</testsuite>